<?xml version="1.0" encoding="UTF-8" ?>
<testsuite failures="1" time="0.257" errors="0" skipped="0" tests="1" name="com.itransition.webeditor.controller.HomeControllerTest">
  <properties>
    <property name="java.runtime.name" value="Java(TM) SE Runtime Environment"/>
    <property name="sun.boot.library.path" value="C:\Program Files (x86)\Java\jre7\bin"/>
    <property name="java.vm.version" value="22.1-b02"/>
    <property name="user.country.format" value="RU"/>
    <property name="java.vm.vendor" value="Oracle Corporation"/>
    <property name="java.vendor.url" value="http://java.oracle.com/"/>
    <property name="path.separator" value=";"/>
    <property name="java.vm.name" value="Java HotSpot(TM) Client VM"/>
    <property name="file.encoding.pkg" value="sun.io"/>
    <property name="user.script" value=""/>
    <property name="user.country" value="US"/>
    <property name="sun.java.launcher" value="SUN_STANDARD"/>
    <property name="sun.os.patch.level" value=""/>
    <property name="java.vm.specification.name" value="Java Virtual Machine Specification"/>
    <property name="user.dir" value="D:\Work\xPutnikx-WebPresentationEditor-382ca53"/>
    <property name="java.runtime.version" value="1.7.0_03-b05"/>
    <property name="java.awt.graphicsenv" value="sun.awt.Win32GraphicsEnvironment"/>
    <property name="basedir" value="D:\Work\xPutnikx-WebPresentationEditor-382ca53"/>
    <property name="java.endorsed.dirs" value="C:\Program Files (x86)\Java\jre7\lib\endorsed"/>
    <property name="os.arch" value="x86"/>
    <property name="surefire.real.class.path" value="D:\Work\xPutnikx-WebPresentationEditor-382ca53\target\surefire\surefirebooter1531864641455996753.jar"/>
    <property name="java.io.tmpdir" value="C:\Users\V6439~1.HUD\AppData\Local\Temp\1\"/>
    <property name="line.separator" value="
"/>
    <property name="java.vm.specification.vendor" value="Oracle Corporation"/>
    <property name="user.variant" value=""/>
    <property name="os.name" value="Windows Server 2008 R2"/>
    <property name="sun.jnu.encoding" value="Cp1251"/>
    <property name="java.library.path" value="C:\Program Files (x86)\Java\jre7\bin;C:\Windows\Sun\Java\bin;C:\Windows\system32;C:\Windows;C:/Program Files (x86)/Java/jre7/bin/client;C:/Program Files (x86)/Java/jre7/bin;C:/Program Files (x86)/Java/jre7/lib/i386;C:\Windows\system32;C:\Windows;C:\Windows\System32\Wbem;C:\Windows\System32\WindowsPowerShell\v1.0\;C:\Program Files (x86)\Microsoft SQL Server\100\Tools\Binn\;C:\Program Files\Microsoft SQL Server\100\Tools\Binn\;C:\Program Files\Microsoft SQL Server\100\DTS\Binn\;C:\Program Files (x86)\Microsoft ASP.NET\ASP.NET Web Pages\v1.0\;C:\Users\v.hudnitsky\bin\apache-maven-3.0.4-bin\apache-maven-3.0.4\bin;C:\Program Files\Java\jdk1.7.0_02\bin;C:\Program Files\MySQL\MySQL Server 5.5\bin;;D:\Программирование\eclipse;;."/>
    <property name="surefire.test.class.path" value="D:\Work\xPutnikx-WebPresentationEditor-382ca53\target\test-classes;D:\Work\xPutnikx-WebPresentationEditor-382ca53\target\classes;C:\Users\v.hudnitsky\.m2\repository\javax\validation\validation-api\1.0.0.GA\validation-api-1.0.0.GA.jar;C:\Users\v.hudnitsky\.m2\repository\org\codehaus\jackson\jackson-mapper-asl\1.9.3\jackson-mapper-asl-1.9.3.jar;C:\Users\v.hudnitsky\.m2\repository\org\codehaus\jackson\jackson-core-asl\1.9.3\jackson-core-asl-1.9.3.jar;C:\Users\v.hudnitsky\.m2\repository\org\hibernate\hibernate-validator\4.0.0.GA\hibernate-validator-4.0.0.GA.jar;C:\Users\v.hudnitsky\.m2\repository\javax\xml\bind\jaxb-api\2.1\jaxb-api-2.1.jar;C:\Users\v.hudnitsky\.m2\repository\javax\xml\stream\stax-api\1.0-2\stax-api-1.0-2.jar;C:\Users\v.hudnitsky\.m2\repository\javax\activation\activation\1.1\activation-1.1.jar;C:\Users\v.hudnitsky\.m2\repository\com\sun\xml\bind\jaxb-impl\2.1.3\jaxb-impl-2.1.3.jar;C:\Users\v.hudnitsky\.m2\repository\org\hibernate\hibernate-entitymanager\3.6.0.Final\hibernate-entitymanager-3.6.0.Final.jar;C:\Users\v.hudnitsky\.m2\repository\org\hibernate\hibernate-core\3.6.0.Final\hibernate-core-3.6.0.Final.jar;C:\Users\v.hudnitsky\.m2\repository\antlr\antlr\2.7.6\antlr-2.7.6.jar;C:\Users\v.hudnitsky\.m2\repository\commons-collections\commons-collections\3.1\commons-collections-3.1.jar;C:\Users\v.hudnitsky\.m2\repository\dom4j\dom4j\1.6.1\dom4j-1.6.1.jar;C:\Users\v.hudnitsky\.m2\repository\org\hibernate\hibernate-commons-annotations\3.2.0.Final\hibernate-commons-annotations-3.2.0.Final.jar;C:\Users\v.hudnitsky\.m2\repository\javax\transaction\jta\1.1\jta-1.1.jar;C:\Users\v.hudnitsky\.m2\repository\cglib\cglib\2.2\cglib-2.2.jar;C:\Users\v.hudnitsky\.m2\repository\asm\asm\3.1\asm-3.1.jar;C:\Users\v.hudnitsky\.m2\repository\javassist\javassist\3.12.0.GA\javassist-3.12.0.GA.jar;C:\Users\v.hudnitsky\.m2\repository\hsqldb\hsqldb\1.8.0.10\hsqldb-1.8.0.10.jar;C:\Users\v.hudnitsky\.m2\repository\org\hibernate\javax\persistence\hibernate-jpa-2.0-api\1.0.0.Final\hibernate-jpa-2.0-api-1.0.0.Final.jar;C:\Users\v.hudnitsky\.m2\repository\org\springframework\spring-context\3.1.1.RELEASE\spring-context-3.1.1.RELEASE.jar;C:\Users\v.hudnitsky\.m2\repository\org\springframework\spring-aop\3.1.1.RELEASE\spring-aop-3.1.1.RELEASE.jar;C:\Users\v.hudnitsky\.m2\repository\org\springframework\spring-beans\3.1.1.RELEASE\spring-beans-3.1.1.RELEASE.jar;C:\Users\v.hudnitsky\.m2\repository\org\springframework\spring-core\3.1.1.RELEASE\spring-core-3.1.1.RELEASE.jar;C:\Users\v.hudnitsky\.m2\repository\org\springframework\spring-expression\3.1.1.RELEASE\spring-expression-3.1.1.RELEASE.jar;C:\Users\v.hudnitsky\.m2\repository\org\springframework\spring-asm\3.1.1.RELEASE\spring-asm-3.1.1.RELEASE.jar;C:\Users\v.hudnitsky\.m2\repository\org\springframework\spring-context-support\3.1.1.RELEASE\spring-context-support-3.1.1.RELEASE.jar;C:\Users\v.hudnitsky\.m2\repository\net\sf\ehcache\ehcache-core\2.4.2\ehcache-core-2.4.2.jar;C:\Users\v.hudnitsky\.m2\repository\org\springframework\spring-web\3.1.1.RELEASE\spring-web-3.1.1.RELEASE.jar;C:\Users\v.hudnitsky\.m2\repository\aopalliance\aopalliance\1.0\aopalliance-1.0.jar;C:\Users\v.hudnitsky\.m2\repository\org\springframework\spring-tx\3.1.1.RELEASE\spring-tx-3.1.1.RELEASE.jar;C:\Users\v.hudnitsky\.m2\repository\org\springframework\spring-webmvc\3.1.1.RELEASE\spring-webmvc-3.1.1.RELEASE.jar;C:\Users\v.hudnitsky\.m2\repository\org\springframework\spring-orm\3.1.1.RELEASE\spring-orm-3.1.1.RELEASE.jar;C:\Users\v.hudnitsky\.m2\repository\org\springframework\spring-jdbc\3.1.1.RELEASE\spring-jdbc-3.1.1.RELEASE.jar;C:\Users\v.hudnitsky\.m2\repository\org\springframework\spring-test\3.1.1.RELEASE\spring-test-3.1.1.RELEASE.jar;C:\Users\v.hudnitsky\.m2\repository\commons-dbcp\commons-dbcp\20030825.184428\commons-dbcp-20030825.184428.jar;C:\Users\v.hudnitsky\.m2\repository\commons-pool\commons-pool\20030825.183949\commons-pool-20030825.183949.jar;C:\Users\v.hudnitsky\.m2\repository\mysql\mysql-connector-java\5.1.20\mysql-connector-java-5.1.20.jar;C:\Users\v.hudnitsky\.m2\repository\taglibs\standard\1.1.2\standard-1.1.2.jar;C:\Users\v.hudnitsky\.m2\repository\javax\servlet\servlet-api\2.3\servlet-api-2.3.jar;C:\Users\v.hudnitsky\.m2\repository\javax\servlet\jstl\1.2\jstl-1.2.jar;C:\Users\v.hudnitsky\.m2\repository\junit\junit\4.8.2\junit-4.8.2.jar;C:\Users\v.hudnitsky\.m2\repository\org\slf4j\slf4j-api\1.5.10\slf4j-api-1.5.10.jar;C:\Users\v.hudnitsky\.m2\repository\org\slf4j\jcl-over-slf4j\1.5.10\jcl-over-slf4j-1.5.10.jar;C:\Users\v.hudnitsky\.m2\repository\org\slf4j\slf4j-log4j12\1.5.10\slf4j-log4j12-1.5.10.jar;C:\Users\v.hudnitsky\.m2\repository\org\springframework\security\oauth\spring-security-oauth\1.0.0.M4\spring-security-oauth-1.0.0.M4.jar;C:\Users\v.hudnitsky\.m2\repository\org\springframework\security\spring-security-core\3.1.0.RC3\spring-security-core-3.1.0.RC3.jar;C:\Users\v.hudnitsky\.m2\repository\org\springframework\security\spring-security-crypto\3.1.0.RC3\spring-security-crypto-3.1.0.RC3.jar;C:\Users\v.hudnitsky\.m2\repository\org\springframework\security\spring-security-config\3.1.0.RC3\spring-security-config-3.1.0.RC3.jar;C:\Users\v.hudnitsky\.m2\repository\org\springframework\security\spring-security-web\3.1.0.RC3\spring-security-web-3.1.0.RC3.jar;C:\Users\v.hudnitsky\.m2\repository\commons-codec\commons-codec\1.3\commons-codec-1.3.jar;C:\Users\v.hudnitsky\.m2\repository\org\apache\httpcomponents\httpclient\4.1.1\httpclient-4.1.1.jar;C:\Users\v.hudnitsky\.m2\repository\org\apache\httpcomponents\httpcore\4.1\httpcore-4.1.jar;C:\Users\v.hudnitsky\.m2\repository\commons-logging\commons-logging\1.1.1\commons-logging-1.1.1.jar;C:\Users\v.hudnitsky\.m2\repository\org\springframework\security\spring-security-taglibs\3.0.7.RELEASE\spring-security-taglibs-3.0.7.RELEASE.jar;C:\Users\v.hudnitsky\.m2\repository\org\springframework\security\spring-security-acl\3.0.7.RELEASE\spring-security-acl-3.0.7.RELEASE.jar;C:\Users\v.hudnitsky\.m2\repository\log4j\log4j\1.2.15\log4j-1.2.15.jar;C:\Users\v.hudnitsky\.m2\repository\javax\mail\mail\1.4\mail-1.4.jar;C:\Users\v.hudnitsky\.m2\repository\javax\jms\jms\1.1\jms-1.1.jar;"/>
    <property name="java.specification.name" value="Java Platform API Specification"/>
    <property name="java.class.version" value="51.0"/>
    <property name="sun.management.compiler" value="HotSpot Client Compiler"/>
    <property name="os.version" value="6.1"/>
    <property name="user.home" value="C:\Users\v.hudnitsky"/>
    <property name="user.timezone" value=""/>
    <property name="java.awt.printerjob" value="sun.awt.windows.WPrinterJob"/>
    <property name="java.specification.version" value="1.7"/>
    <property name="file.encoding" value="Cp1251"/>
    <property name="user.name" value="v.hudnitsky"/>
    <property name="java.class.path" value="D:\Work\xPutnikx-WebPresentationEditor-382ca53\target\test-classes;D:\Work\xPutnikx-WebPresentationEditor-382ca53\target\classes;C:\Users\v.hudnitsky\.m2\repository\javax\validation\validation-api\1.0.0.GA\validation-api-1.0.0.GA.jar;C:\Users\v.hudnitsky\.m2\repository\org\codehaus\jackson\jackson-mapper-asl\1.9.3\jackson-mapper-asl-1.9.3.jar;C:\Users\v.hudnitsky\.m2\repository\org\codehaus\jackson\jackson-core-asl\1.9.3\jackson-core-asl-1.9.3.jar;C:\Users\v.hudnitsky\.m2\repository\org\hibernate\hibernate-validator\4.0.0.GA\hibernate-validator-4.0.0.GA.jar;C:\Users\v.hudnitsky\.m2\repository\javax\xml\bind\jaxb-api\2.1\jaxb-api-2.1.jar;C:\Users\v.hudnitsky\.m2\repository\javax\xml\stream\stax-api\1.0-2\stax-api-1.0-2.jar;C:\Users\v.hudnitsky\.m2\repository\javax\activation\activation\1.1\activation-1.1.jar;C:\Users\v.hudnitsky\.m2\repository\com\sun\xml\bind\jaxb-impl\2.1.3\jaxb-impl-2.1.3.jar;C:\Users\v.hudnitsky\.m2\repository\org\hibernate\hibernate-entitymanager\3.6.0.Final\hibernate-entitymanager-3.6.0.Final.jar;C:\Users\v.hudnitsky\.m2\repository\org\hibernate\hibernate-core\3.6.0.Final\hibernate-core-3.6.0.Final.jar;C:\Users\v.hudnitsky\.m2\repository\antlr\antlr\2.7.6\antlr-2.7.6.jar;C:\Users\v.hudnitsky\.m2\repository\commons-collections\commons-collections\3.1\commons-collections-3.1.jar;C:\Users\v.hudnitsky\.m2\repository\dom4j\dom4j\1.6.1\dom4j-1.6.1.jar;C:\Users\v.hudnitsky\.m2\repository\org\hibernate\hibernate-commons-annotations\3.2.0.Final\hibernate-commons-annotations-3.2.0.Final.jar;C:\Users\v.hudnitsky\.m2\repository\javax\transaction\jta\1.1\jta-1.1.jar;C:\Users\v.hudnitsky\.m2\repository\cglib\cglib\2.2\cglib-2.2.jar;C:\Users\v.hudnitsky\.m2\repository\asm\asm\3.1\asm-3.1.jar;C:\Users\v.hudnitsky\.m2\repository\javassist\javassist\3.12.0.GA\javassist-3.12.0.GA.jar;C:\Users\v.hudnitsky\.m2\repository\hsqldb\hsqldb\1.8.0.10\hsqldb-1.8.0.10.jar;C:\Users\v.hudnitsky\.m2\repository\org\hibernate\javax\persistence\hibernate-jpa-2.0-api\1.0.0.Final\hibernate-jpa-2.0-api-1.0.0.Final.jar;C:\Users\v.hudnitsky\.m2\repository\org\springframework\spring-context\3.1.1.RELEASE\spring-context-3.1.1.RELEASE.jar;C:\Users\v.hudnitsky\.m2\repository\org\springframework\spring-aop\3.1.1.RELEASE\spring-aop-3.1.1.RELEASE.jar;C:\Users\v.hudnitsky\.m2\repository\org\springframework\spring-beans\3.1.1.RELEASE\spring-beans-3.1.1.RELEASE.jar;C:\Users\v.hudnitsky\.m2\repository\org\springframework\spring-core\3.1.1.RELEASE\spring-core-3.1.1.RELEASE.jar;C:\Users\v.hudnitsky\.m2\repository\org\springframework\spring-expression\3.1.1.RELEASE\spring-expression-3.1.1.RELEASE.jar;C:\Users\v.hudnitsky\.m2\repository\org\springframework\spring-asm\3.1.1.RELEASE\spring-asm-3.1.1.RELEASE.jar;C:\Users\v.hudnitsky\.m2\repository\org\springframework\spring-context-support\3.1.1.RELEASE\spring-context-support-3.1.1.RELEASE.jar;C:\Users\v.hudnitsky\.m2\repository\net\sf\ehcache\ehcache-core\2.4.2\ehcache-core-2.4.2.jar;C:\Users\v.hudnitsky\.m2\repository\org\springframework\spring-web\3.1.1.RELEASE\spring-web-3.1.1.RELEASE.jar;C:\Users\v.hudnitsky\.m2\repository\aopalliance\aopalliance\1.0\aopalliance-1.0.jar;C:\Users\v.hudnitsky\.m2\repository\org\springframework\spring-tx\3.1.1.RELEASE\spring-tx-3.1.1.RELEASE.jar;C:\Users\v.hudnitsky\.m2\repository\org\springframework\spring-webmvc\3.1.1.RELEASE\spring-webmvc-3.1.1.RELEASE.jar;C:\Users\v.hudnitsky\.m2\repository\org\springframework\spring-orm\3.1.1.RELEASE\spring-orm-3.1.1.RELEASE.jar;C:\Users\v.hudnitsky\.m2\repository\org\springframework\spring-jdbc\3.1.1.RELEASE\spring-jdbc-3.1.1.RELEASE.jar;C:\Users\v.hudnitsky\.m2\repository\org\springframework\spring-test\3.1.1.RELEASE\spring-test-3.1.1.RELEASE.jar;C:\Users\v.hudnitsky\.m2\repository\commons-dbcp\commons-dbcp\20030825.184428\commons-dbcp-20030825.184428.jar;C:\Users\v.hudnitsky\.m2\repository\commons-pool\commons-pool\20030825.183949\commons-pool-20030825.183949.jar;C:\Users\v.hudnitsky\.m2\repository\mysql\mysql-connector-java\5.1.20\mysql-connector-java-5.1.20.jar;C:\Users\v.hudnitsky\.m2\repository\taglibs\standard\1.1.2\standard-1.1.2.jar;C:\Users\v.hudnitsky\.m2\repository\javax\servlet\servlet-api\2.3\servlet-api-2.3.jar;C:\Users\v.hudnitsky\.m2\repository\javax\servlet\jstl\1.2\jstl-1.2.jar;C:\Users\v.hudnitsky\.m2\repository\junit\junit\4.8.2\junit-4.8.2.jar;C:\Users\v.hudnitsky\.m2\repository\org\slf4j\slf4j-api\1.5.10\slf4j-api-1.5.10.jar;C:\Users\v.hudnitsky\.m2\repository\org\slf4j\jcl-over-slf4j\1.5.10\jcl-over-slf4j-1.5.10.jar;C:\Users\v.hudnitsky\.m2\repository\org\slf4j\slf4j-log4j12\1.5.10\slf4j-log4j12-1.5.10.jar;C:\Users\v.hudnitsky\.m2\repository\org\springframework\security\oauth\spring-security-oauth\1.0.0.M4\spring-security-oauth-1.0.0.M4.jar;C:\Users\v.hudnitsky\.m2\repository\org\springframework\security\spring-security-core\3.1.0.RC3\spring-security-core-3.1.0.RC3.jar;C:\Users\v.hudnitsky\.m2\repository\org\springframework\security\spring-security-crypto\3.1.0.RC3\spring-security-crypto-3.1.0.RC3.jar;C:\Users\v.hudnitsky\.m2\repository\org\springframework\security\spring-security-config\3.1.0.RC3\spring-security-config-3.1.0.RC3.jar;C:\Users\v.hudnitsky\.m2\repository\org\springframework\security\spring-security-web\3.1.0.RC3\spring-security-web-3.1.0.RC3.jar;C:\Users\v.hudnitsky\.m2\repository\commons-codec\commons-codec\1.3\commons-codec-1.3.jar;C:\Users\v.hudnitsky\.m2\repository\org\apache\httpcomponents\httpclient\4.1.1\httpclient-4.1.1.jar;C:\Users\v.hudnitsky\.m2\repository\org\apache\httpcomponents\httpcore\4.1\httpcore-4.1.jar;C:\Users\v.hudnitsky\.m2\repository\commons-logging\commons-logging\1.1.1\commons-logging-1.1.1.jar;C:\Users\v.hudnitsky\.m2\repository\org\springframework\security\spring-security-taglibs\3.0.7.RELEASE\spring-security-taglibs-3.0.7.RELEASE.jar;C:\Users\v.hudnitsky\.m2\repository\org\springframework\security\spring-security-acl\3.0.7.RELEASE\spring-security-acl-3.0.7.RELEASE.jar;C:\Users\v.hudnitsky\.m2\repository\log4j\log4j\1.2.15\log4j-1.2.15.jar;C:\Users\v.hudnitsky\.m2\repository\javax\mail\mail\1.4\mail-1.4.jar;C:\Users\v.hudnitsky\.m2\repository\javax\jms\jms\1.1\jms-1.1.jar;"/>
    <property name="java.vm.specification.version" value="1.7"/>
    <property name="sun.arch.data.model" value="32"/>
    <property name="java.home" value="C:\Program Files (x86)\Java\jre7"/>
    <property name="sun.java.command" value="D:\Work\xPutnikx-WebPresentationEditor-382ca53\target\surefire\surefirebooter1531864641455996753.jar D:\Work\xPutnikx-WebPresentationEditor-382ca53\target\surefire\surefire8987490182553656406tmp D:\Work\xPutnikx-WebPresentationEditor-382ca53\target\surefire\surefire5805194447955716299tmp"/>
    <property name="java.specification.vendor" value="Oracle Corporation"/>
    <property name="user.language" value="en"/>
    <property name="user.language.format" value="ru"/>
    <property name="awt.toolkit" value="sun.awt.windows.WToolkit"/>
    <property name="java.vm.info" value="mixed mode, sharing"/>
    <property name="java.version" value="1.7.0_03"/>
    <property name="java.ext.dirs" value="C:\Program Files (x86)\Java\jre7\lib\ext;C:\Windows\Sun\Java\lib\ext"/>
    <property name="sun.boot.class.path" value="C:\Program Files (x86)\Java\jre7\lib\resources.jar;C:\Program Files (x86)\Java\jre7\lib\rt.jar;C:\Program Files (x86)\Java\jre7\lib\sunrsasign.jar;C:\Program Files (x86)\Java\jre7\lib\jsse.jar;C:\Program Files (x86)\Java\jre7\lib\jce.jar;C:\Program Files (x86)\Java\jre7\lib\charsets.jar;C:\Program Files (x86)\Java\jre7\classes"/>
    <property name="java.vendor" value="Oracle Corporation"/>
    <property name="localRepository" value="C:\Users\v.hudnitsky\.m2\repository"/>
    <property name="file.separator" value="\"/>
    <property name="java.vendor.url.bug" value="http://bugreport.sun.com/bugreport/"/>
    <property name="sun.cpu.endian" value="little"/>
    <property name="sun.io.unicode.encoding" value="UnicodeLittle"/>
    <property name="sun.desktop" value="windows"/>
    <property name="sun.cpu.isalist" value="pentium_pro+mmx pentium_pro pentium+mmx pentium i486 i386 i86"/>
  </properties>
  <testcase time="0.205" classname="com.itransition.webeditor.controller.HomeControllerTest" name="testController">
    <failure message="expected:&lt;This is the message from the controller!&gt; but was:&lt;Home page&gt;" type="junit.framework.AssertionFailedError">junit.framework.AssertionFailedError: expected:&lt;This is the message from the controller!&gt; but was:&lt;Home page&gt;
	at junit.framework.Assert.fail(Assert.java:47)
	at junit.framework.Assert.failNotEquals(Assert.java:283)
	at junit.framework.Assert.assertEquals(Assert.java:64)
	at junit.framework.Assert.assertEquals(Assert.java:71)
	at com.itransition.webeditor.controller.HomeControllerTest.testController(HomeControllerTest.java:17)
	at sun.reflect.NativeMethodAccessorImpl.invoke0(Native Method)
	at sun.reflect.NativeMethodAccessorImpl.invoke(Unknown Source)
	at sun.reflect.DelegatingMethodAccessorImpl.invoke(Unknown Source)
	at java.lang.reflect.Method.invoke(Unknown Source)
	at org.junit.runners.model.FrameworkMethod$1.runReflectiveCall(FrameworkMethod.java:44)
	at org.junit.internal.runners.model.ReflectiveCallable.run(ReflectiveCallable.java:15)
	at org.junit.runners.model.FrameworkMethod.invokeExplosively(FrameworkMethod.java:41)
	at org.junit.internal.runners.statements.InvokeMethod.evaluate(InvokeMethod.java:20)
	at org.junit.runners.BlockJUnit4ClassRunner.runNotIgnored(BlockJUnit4ClassRunner.java:79)
	at org.junit.runners.BlockJUnit4ClassRunner.runChild(BlockJUnit4ClassRunner.java:71)
	at org.junit.runners.BlockJUnit4ClassRunner.runChild(BlockJUnit4ClassRunner.java:49)
	at org.junit.runners.ParentRunner$3.run(ParentRunner.java:193)
	at org.junit.runners.ParentRunner$1.schedule(ParentRunner.java:52)
	at org.junit.runners.ParentRunner.runChildren(ParentRunner.java:191)
	at org.junit.runners.ParentRunner.access$000(ParentRunner.java:42)
	at org.junit.runners.ParentRunner$2.evaluate(ParentRunner.java:184)
	at org.junit.runners.ParentRunner.run(ParentRunner.java:236)
	at org.apache.maven.surefire.junit4.JUnit4TestSet.execute(JUnit4TestSet.java:35)
	at org.apache.maven.surefire.junit4.JUnit4Provider.executeTestSet(JUnit4Provider.java:146)
	at org.apache.maven.surefire.junit4.JUnit4Provider.invoke(JUnit4Provider.java:97)
	at sun.reflect.NativeMethodAccessorImpl.invoke0(Native Method)
	at sun.reflect.NativeMethodAccessorImpl.invoke(Unknown Source)
	at sun.reflect.DelegatingMethodAccessorImpl.invoke(Unknown Source)
	at java.lang.reflect.Method.invoke(Unknown Source)
	at org.apache.maven.surefire.booter.ProviderFactory$ClassLoaderProxy.invoke(ProviderFactory.java:103)
	at $Proxy0.invoke(Unknown Source)
	at org.apache.maven.surefire.booter.SurefireStarter.invokeProvider(SurefireStarter.java:145)
	at org.apache.maven.surefire.booter.SurefireStarter.runSuitesInProcess(SurefireStarter.java:87)
	at org.apache.maven.surefire.booter.ForkedBooter.main(ForkedBooter.java:69)
</failure>
    <system-out>@HL
@HL-------------------------------------------------------
@HL T E S T S
@HL-------------------------------------------------------
@SLRunning com.itransition.webeditor.controller.HomeControllerTest
INFO : com.itransition.webeditor.controller.HomeController - Welcome home!
</system-out>
  </testcase>
</testsuite>